2024-02-11T12:14:46.710Z INFO  [main] com.github.gv2011.util.serviceloader.RecursiveServiceLoader - Loaded service com.github.gv2011.util.json.Adapter - implementation class: com.github.gv2011.gsoncore.GsoncoreAdapter.
2024-02-11T12:14:46.713Z INFO  [main] com.github.gv2011.util.serviceloader.RecursiveServiceLoader - Loaded service com.github.gv2011.util.json.JsonFactory - implementation class: com.github.gv2011.util.json.imp.JsonFactoryImp.
2024-02-11T12:14:46.728Z DEBUG [main] com.github.gv2011.util.beans.imp.DefaultTypeRegistry - additionalTypeHandlerFactories: []
2024-02-11T12:14:46.728Z INFO  [main] com.github.gv2011.util.serviceloader.RecursiveServiceLoader - Loaded service com.github.gv2011.util.beans.TypeRegistry - implementation class: com.github.gv2011.util.beans.imp.DefaultTypeRegistry.
2024-02-11T12:14:46.728Z DEBUG [main] com.github.gv2011.util.beans.imp.DefaultTypeRegistry - Creating type for interface com.github.gv2011.tools.misc.Sha256$ResultLine.
2024-02-11T12:14:46.741Z DEBUG [main] com.github.gv2011.util.beans.imp.DefaultTypeRegistry - Created ResultLine for interface com.github.gv2011.tools.misc.Sha256$ResultLine.
2024-02-11T12:14:46.742Z DEBUG [main] com.github.gv2011.util.beans.imp.BeanTypeSupport - ResultLine: initializing properties.
2024-02-11T12:14:46.750Z DEBUG [main] com.github.gv2011.util.beans.imp.DefaultTypeRegistry - Creating type for interface com.github.gv2011.util.bytes.Hash256.
2024-02-11T12:14:46.754Z DEBUG [main] com.github.gv2011.util.beans.imp.DefaultTypeRegistry - Created Hash256 for interface com.github.gv2011.util.bytes.Hash256.
2024-02-11T12:14:46.758Z DEBUG [main] com.github.gv2011.util.beans.imp.DefaultTypeRegistry - Creating type for class java.lang.Long.
2024-02-11T12:14:46.759Z DEBUG [main] com.github.gv2011.util.beans.imp.DefaultTypeRegistry - Created Long for class java.lang.Long.
2024-02-11T12:14:46.759Z DEBUG [main] com.github.gv2011.util.beans.imp.DefaultTypeRegistry - Creating type for class com.github.gv2011.tools.misc.Sha256$Code.
2024-02-11T12:14:46.761Z DEBUG [main] com.github.gv2011.util.beans.imp.DefaultTypeRegistry - Created Code for class com.github.gv2011.tools.misc.Sha256$Code.
2024-02-11T12:14:46.761Z DEBUG [main] com.github.gv2011.util.beans.imp.DefaultTypeRegistry - Creating type for interface java.nio.file.Path.
2024-02-11T12:14:46.763Z DEBUG [main] com.github.gv2011.util.beans.imp.DefaultTypeRegistry - interface java.nio.file.Path is not supported, creating foreign type.
2024-02-11T12:14:46.781Z INFO  [RecursiveServiceLoader-shutdown] com.github.gv2011.util.serviceloader.RecursiveServiceLoader - Closing.
2024-02-11T12:14:46.782Z WARN  [RecursiveServiceLoader-shutdown] com.github.gv2011.util.serviceloader.RecursiveServiceLoader - Closing logging as last action - goodbye.
2024-02-11T12:14:46.782Z INFO  [RecursiveServiceLoader-shutdown] com.github.gv2011.logbackadapter.LogbackLogAdapter - Stopping Logback.
2024-02-11T12:16:21.254Z INFO  [main] com.github.gv2011.util.serviceloader.RecursiveServiceLoader - Loaded service com.github.gv2011.util.json.Adapter - implementation class: com.github.gv2011.gsoncore.GsoncoreAdapter.
2024-02-11T12:16:21.257Z INFO  [main] com.github.gv2011.util.serviceloader.RecursiveServiceLoader - Loaded service com.github.gv2011.util.json.JsonFactory - implementation class: com.github.gv2011.util.json.imp.JsonFactoryImp.
2024-02-11T12:16:21.274Z DEBUG [main] com.github.gv2011.util.beans.imp.DefaultTypeRegistry - additionalTypeHandlerFactories: []
2024-02-11T12:16:21.274Z INFO  [main] com.github.gv2011.util.serviceloader.RecursiveServiceLoader - Loaded service com.github.gv2011.util.beans.TypeRegistry - implementation class: com.github.gv2011.util.beans.imp.DefaultTypeRegistry.
2024-02-11T12:16:21.275Z DEBUG [main] com.github.gv2011.util.beans.imp.DefaultTypeRegistry - Creating type for interface com.github.gv2011.tools.misc.Sha256$ResultLine.
2024-02-11T12:16:21.289Z DEBUG [main] com.github.gv2011.util.beans.imp.DefaultTypeRegistry - Created ResultLine for interface com.github.gv2011.tools.misc.Sha256$ResultLine.
2024-02-11T12:16:21.290Z DEBUG [main] com.github.gv2011.util.beans.imp.BeanTypeSupport - ResultLine: initializing properties.
2024-02-11T12:16:21.292Z DEBUG [main] com.github.gv2011.util.beans.imp.DefaultTypeRegistry - Creating type for interface com.github.gv2011.util.bytes.Hash256.
2024-02-11T12:16:21.294Z DEBUG [main] com.github.gv2011.util.beans.imp.DefaultTypeRegistry - Created Hash256 for interface com.github.gv2011.util.bytes.Hash256.
2024-02-11T12:16:21.308Z DEBUG [main] com.github.gv2011.util.beans.imp.DefaultTypeRegistry - Creating type for class java.lang.Long.
2024-02-11T12:16:21.311Z DEBUG [main] com.github.gv2011.util.beans.imp.DefaultTypeRegistry - Created Long for class java.lang.Long.
2024-02-11T12:16:21.311Z DEBUG [main] com.github.gv2011.util.beans.imp.DefaultTypeRegistry - Creating type for class com.github.gv2011.tools.misc.Sha256$Code.
2024-02-11T12:16:21.315Z DEBUG [main] com.github.gv2011.util.beans.imp.DefaultTypeRegistry - Created Code for class com.github.gv2011.tools.misc.Sha256$Code.
2024-02-11T12:16:21.315Z DEBUG [main] com.github.gv2011.util.beans.imp.DefaultTypeRegistry - Creating type for class java.lang.String.
2024-02-11T12:16:21.315Z DEBUG [main] com.github.gv2011.util.beans.imp.DefaultTypeRegistry - Created String for class java.lang.String.
2024-02-11T12:16:21.316Z DEBUG [main] com.github.gv2011.util.beans.imp.BeanTypeSupport - ResultLine: initialized properties: [code, filename, hash, size].
2024-02-11T12:16:21.317Z DEBUG [main] com.github.gv2011.util.beans.imp.BeanTypeSupport - ResultLine: initializing default value.
2024-02-11T12:16:21.317Z DEBUG [main] com.github.gv2011.util.beans.imp.BeanTypeSupport - Creating default value for ResultLine.
2024-02-11T12:16:21.318Z DEBUG [main] com.github.gv2011.util.beans.imp.BeanTypeSupport - ResultLine initialized default value.
2024-02-11T12:16:21.327Z DEBUG [main] com.github.gv2011.util.beans.imp.DefaultTypeRegistry - Creating type for interface com.github.gv2011.util.bytes.HashAndSize.
2024-02-11T12:16:21.332Z DEBUG [main] com.github.gv2011.util.beans.imp.DefaultTypeRegistry - Created HashAndSize for interface com.github.gv2011.util.bytes.HashAndSize.
2024-02-11T12:16:21.332Z DEBUG [main] com.github.gv2011.util.beans.imp.BeanTypeSupport - HashAndSize: initializing properties.
2024-02-11T12:16:21.332Z DEBUG [main] com.github.gv2011.util.beans.imp.BeanTypeSupport - HashAndSize: initialized properties: [hash, size].
2024-02-11T12:16:21.339Z DEBUG [main] com.github.gv2011.util.beans.imp.BeanTypeSupport - HashAndSize: initializing default value.
2024-02-11T12:16:21.340Z DEBUG [main] com.github.gv2011.util.beans.imp.BeanTypeSupport - Creating default value for HashAndSize.
2024-02-11T12:16:21.340Z DEBUG [main] com.github.gv2011.util.beans.imp.BeanTypeSupport - HashAndSize initialized default value.
2024-02-11T12:16:21.364Z INFO  [RecursiveServiceLoader-shutdown] com.github.gv2011.util.serviceloader.RecursiveServiceLoader - Closing.
2024-02-11T12:16:21.364Z WARN  [RecursiveServiceLoader-shutdown] com.github.gv2011.util.serviceloader.RecursiveServiceLoader - Closing logging as last action - goodbye.
2024-02-11T12:16:21.364Z INFO  [RecursiveServiceLoader-shutdown] com.github.gv2011.logbackadapter.LogbackLogAdapter - Stopping Logback.
2024-02-11T12:17:32.182Z INFO  [main] com.github.gv2011.util.serviceloader.RecursiveServiceLoader - Loaded service com.github.gv2011.util.json.Adapter - implementation class: com.github.gv2011.gsoncore.GsoncoreAdapter.
2024-02-11T12:17:32.186Z INFO  [main] com.github.gv2011.util.serviceloader.RecursiveServiceLoader - Loaded service com.github.gv2011.util.json.JsonFactory - implementation class: com.github.gv2011.util.json.imp.JsonFactoryImp.
2024-02-11T12:17:32.205Z DEBUG [main] com.github.gv2011.util.beans.imp.DefaultTypeRegistry - additionalTypeHandlerFactories: []
2024-02-11T12:17:32.205Z INFO  [main] com.github.gv2011.util.serviceloader.RecursiveServiceLoader - Loaded service com.github.gv2011.util.beans.TypeRegistry - implementation class: com.github.gv2011.util.beans.imp.DefaultTypeRegistry.
2024-02-11T12:17:32.206Z DEBUG [main] com.github.gv2011.util.beans.imp.DefaultTypeRegistry - Creating type for interface com.github.gv2011.tools.misc.Sha256$ResultLine.
2024-02-11T12:17:32.217Z DEBUG [main] com.github.gv2011.util.beans.imp.DefaultTypeRegistry - Created ResultLine for interface com.github.gv2011.tools.misc.Sha256$ResultLine.
2024-02-11T12:17:32.217Z DEBUG [main] com.github.gv2011.util.beans.imp.BeanTypeSupport - ResultLine: initializing properties.
2024-02-11T12:17:32.220Z DEBUG [main] com.github.gv2011.util.beans.imp.DefaultTypeRegistry - Creating type for interface com.github.gv2011.util.bytes.Hash256.
2024-02-11T12:17:32.222Z DEBUG [main] com.github.gv2011.util.beans.imp.DefaultTypeRegistry - Created Hash256 for interface com.github.gv2011.util.bytes.Hash256.
2024-02-11T12:17:32.232Z DEBUG [main] com.github.gv2011.util.beans.imp.DefaultTypeRegistry - Creating type for class java.lang.Long.
2024-02-11T12:17:32.234Z DEBUG [main] com.github.gv2011.util.beans.imp.DefaultTypeRegistry - Created Long for class java.lang.Long.
2024-02-11T12:17:32.234Z DEBUG [main] com.github.gv2011.util.beans.imp.DefaultTypeRegistry - Creating type for class com.github.gv2011.tools.misc.Sha256$Code.
2024-02-11T12:17:32.235Z DEBUG [main] com.github.gv2011.util.beans.imp.DefaultTypeRegistry - Created Code for class com.github.gv2011.tools.misc.Sha256$Code.
2024-02-11T12:17:32.235Z DEBUG [main] com.github.gv2011.util.beans.imp.DefaultTypeRegistry - Creating type for class java.lang.String.
2024-02-11T12:17:32.236Z DEBUG [main] com.github.gv2011.util.beans.imp.DefaultTypeRegistry - Created String for class java.lang.String.
2024-02-11T12:17:32.236Z DEBUG [main] com.github.gv2011.util.beans.imp.BeanTypeSupport - ResultLine: initialized properties: [code, filename, hash, size].
2024-02-11T12:17:32.237Z DEBUG [main] com.github.gv2011.util.beans.imp.BeanTypeSupport - ResultLine: initializing default value.
2024-02-11T12:17:32.237Z DEBUG [main] com.github.gv2011.util.beans.imp.BeanTypeSupport - Creating default value for ResultLine.
2024-02-11T12:17:32.238Z DEBUG [main] com.github.gv2011.util.beans.imp.BeanTypeSupport - ResultLine initialized default value.
2024-02-11T12:17:32.245Z DEBUG [main] com.github.gv2011.util.beans.imp.DefaultTypeRegistry - Creating type for interface com.github.gv2011.util.bytes.HashAndSize.
2024-02-11T12:17:32.250Z DEBUG [main] com.github.gv2011.util.beans.imp.DefaultTypeRegistry - Created HashAndSize for interface com.github.gv2011.util.bytes.HashAndSize.
2024-02-11T12:17:32.250Z DEBUG [main] com.github.gv2011.util.beans.imp.BeanTypeSupport - HashAndSize: initializing properties.
2024-02-11T12:17:32.250Z DEBUG [main] com.github.gv2011.util.beans.imp.BeanTypeSupport - HashAndSize: initialized properties: [hash, size].
2024-02-11T12:17:32.256Z DEBUG [main] com.github.gv2011.util.beans.imp.BeanTypeSupport - HashAndSize: initializing default value.
2024-02-11T12:17:32.257Z DEBUG [main] com.github.gv2011.util.beans.imp.BeanTypeSupport - Creating default value for HashAndSize.
2024-02-11T12:17:32.257Z DEBUG [main] com.github.gv2011.util.beans.imp.BeanTypeSupport - HashAndSize initialized default value.
2024-02-11T12:17:32.280Z INFO  [RecursiveServiceLoader-shutdown] com.github.gv2011.util.serviceloader.RecursiveServiceLoader - Closing.
2024-02-11T12:17:32.281Z WARN  [RecursiveServiceLoader-shutdown] com.github.gv2011.util.serviceloader.RecursiveServiceLoader - Closing logging as last action - goodbye.
2024-02-11T12:17:32.281Z INFO  [RecursiveServiceLoader-shutdown] com.github.gv2011.logbackadapter.LogbackLogAdapter - Stopping Logback.
2024-02-11T12:19:21.050Z INFO  [main] com.github.gv2011.util.serviceloader.RecursiveServiceLoader - Loaded service com.github.gv2011.util.json.Adapter - implementation class: com.github.gv2011.gsoncore.GsoncoreAdapter.
2024-02-11T12:19:21.053Z INFO  [main] com.github.gv2011.util.serviceloader.RecursiveServiceLoader - Loaded service com.github.gv2011.util.json.JsonFactory - implementation class: com.github.gv2011.util.json.imp.JsonFactoryImp.
2024-02-11T12:19:21.067Z DEBUG [main] com.github.gv2011.util.beans.imp.DefaultTypeRegistry - additionalTypeHandlerFactories: []
2024-02-11T12:19:21.067Z INFO  [main] com.github.gv2011.util.serviceloader.RecursiveServiceLoader - Loaded service com.github.gv2011.util.beans.TypeRegistry - implementation class: com.github.gv2011.util.beans.imp.DefaultTypeRegistry.
2024-02-11T12:19:21.067Z DEBUG [main] com.github.gv2011.util.beans.imp.DefaultTypeRegistry - Creating type for interface com.github.gv2011.tools.misc.Sha256$ResultLine.
2024-02-11T12:19:21.084Z DEBUG [main] com.github.gv2011.util.beans.imp.DefaultTypeRegistry - Created ResultLine for interface com.github.gv2011.tools.misc.Sha256$ResultLine.
2024-02-11T12:19:21.085Z DEBUG [main] com.github.gv2011.util.beans.imp.BeanTypeSupport - ResultLine: initializing properties.
2024-02-11T12:19:21.087Z DEBUG [main] com.github.gv2011.util.beans.imp.DefaultTypeRegistry - Creating type for interface com.github.gv2011.util.bytes.Hash256.
2024-02-11T12:19:21.090Z DEBUG [main] com.github.gv2011.util.beans.imp.DefaultTypeRegistry - Created Hash256 for interface com.github.gv2011.util.bytes.Hash256.
2024-02-11T12:19:21.099Z DEBUG [main] com.github.gv2011.util.beans.imp.DefaultTypeRegistry - Creating type for class java.lang.Long.
2024-02-11T12:19:21.100Z DEBUG [main] com.github.gv2011.util.beans.imp.DefaultTypeRegistry - Created Long for class java.lang.Long.
2024-02-11T12:19:21.100Z DEBUG [main] com.github.gv2011.util.beans.imp.DefaultTypeRegistry - Creating type for class com.github.gv2011.tools.misc.Sha256$Code.
2024-02-11T12:19:21.102Z DEBUG [main] com.github.gv2011.util.beans.imp.DefaultTypeRegistry - Created Code for class com.github.gv2011.tools.misc.Sha256$Code.
2024-02-11T12:19:21.102Z DEBUG [main] com.github.gv2011.util.beans.imp.DefaultTypeRegistry - Creating type for class java.lang.String.
2024-02-11T12:19:21.102Z DEBUG [main] com.github.gv2011.util.beans.imp.DefaultTypeRegistry - Created String for class java.lang.String.
2024-02-11T12:19:21.103Z DEBUG [main] com.github.gv2011.util.beans.imp.BeanTypeSupport - ResultLine: initialized properties: [code, filename, hash, size].
2024-02-11T12:19:21.103Z DEBUG [main] com.github.gv2011.util.beans.imp.BeanTypeSupport - ResultLine: initializing default value.
2024-02-11T12:19:21.103Z DEBUG [main] com.github.gv2011.util.beans.imp.BeanTypeSupport - Creating default value for ResultLine.
2024-02-11T12:19:21.104Z DEBUG [main] com.github.gv2011.util.beans.imp.BeanTypeSupport - ResultLine initialized default value.
2024-02-11T12:19:21.111Z DEBUG [main] com.github.gv2011.util.beans.imp.DefaultTypeRegistry - Creating type for interface com.github.gv2011.util.bytes.HashAndSize.
2024-02-11T12:19:21.114Z DEBUG [main] com.github.gv2011.util.beans.imp.DefaultTypeRegistry - Created HashAndSize for interface com.github.gv2011.util.bytes.HashAndSize.
2024-02-11T12:19:21.115Z DEBUG [main] com.github.gv2011.util.beans.imp.BeanTypeSupport - HashAndSize: initializing properties.
2024-02-11T12:19:21.115Z DEBUG [main] com.github.gv2011.util.beans.imp.BeanTypeSupport - HashAndSize: initialized properties: [hash, size].
2024-02-11T12:19:21.121Z DEBUG [main] com.github.gv2011.util.beans.imp.BeanTypeSupport - HashAndSize: initializing default value.
2024-02-11T12:19:21.121Z DEBUG [main] com.github.gv2011.util.beans.imp.BeanTypeSupport - Creating default value for HashAndSize.
2024-02-11T12:19:21.121Z DEBUG [main] com.github.gv2011.util.beans.imp.BeanTypeSupport - HashAndSize initialized default value.
2024-02-11T12:19:21.141Z INFO  [RecursiveServiceLoader-shutdown] com.github.gv2011.util.serviceloader.RecursiveServiceLoader - Closing.
2024-02-11T12:19:21.142Z WARN  [RecursiveServiceLoader-shutdown] com.github.gv2011.util.serviceloader.RecursiveServiceLoader - Closing logging as last action - goodbye.
2024-02-11T12:19:21.142Z INFO  [RecursiveServiceLoader-shutdown] com.github.gv2011.logbackadapter.LogbackLogAdapter - Stopping Logback.
2024-02-11T15:50:21.979Z INFO  [main] com.github.gv2011.util.serviceloader.RecursiveServiceLoader - Loaded service com.github.gv2011.util.json.Adapter - implementation class: com.github.gv2011.gsoncore.GsoncoreAdapter.
2024-02-11T15:50:21.991Z INFO  [main] com.github.gv2011.util.serviceloader.RecursiveServiceLoader - Loaded service com.github.gv2011.util.json.JsonFactory - implementation class: com.github.gv2011.util.json.imp.JsonFactoryImp.
2024-02-11T15:50:22.007Z DEBUG [main] com.github.gv2011.util.beans.imp.DefaultTypeRegistry - additionalTypeHandlerFactories: []
2024-02-11T15:50:22.007Z INFO  [main] com.github.gv2011.util.serviceloader.RecursiveServiceLoader - Loaded service com.github.gv2011.util.beans.TypeRegistry - implementation class: com.github.gv2011.util.beans.imp.DefaultTypeRegistry.
2024-02-11T15:50:22.007Z DEBUG [main] com.github.gv2011.util.beans.imp.DefaultTypeRegistry - Creating type for interface com.github.gv2011.tools.misc.Sha256$ResultLine.
2024-02-11T15:50:22.019Z DEBUG [main] com.github.gv2011.util.beans.imp.DefaultTypeRegistry - Created ResultLine for interface com.github.gv2011.tools.misc.Sha256$ResultLine.
2024-02-11T15:50:22.020Z DEBUG [main] com.github.gv2011.util.beans.imp.BeanTypeSupport - ResultLine: initializing properties.
2024-02-11T15:50:22.023Z DEBUG [main] com.github.gv2011.util.beans.imp.DefaultTypeRegistry - Creating type for interface com.github.gv2011.util.bytes.Hash256.
2024-02-11T15:50:22.026Z DEBUG [main] com.github.gv2011.util.beans.imp.DefaultTypeRegistry - Created Hash256 for interface com.github.gv2011.util.bytes.Hash256.
2024-02-11T15:50:22.030Z DEBUG [main] com.github.gv2011.util.beans.imp.DefaultTypeRegistry - Creating type for class java.lang.Long.
2024-02-11T15:50:22.031Z DEBUG [main] com.github.gv2011.util.beans.imp.DefaultTypeRegistry - Created Long for class java.lang.Long.
2024-02-11T15:50:22.032Z DEBUG [main] com.github.gv2011.util.beans.imp.DefaultTypeRegistry - Creating type for class com.github.gv2011.tools.misc.Sha256$Code.
2024-02-11T15:50:22.033Z DEBUG [main] com.github.gv2011.util.beans.imp.DefaultTypeRegistry - Created Code for class com.github.gv2011.tools.misc.Sha256$Code.
2024-02-11T15:50:22.033Z DEBUG [main] com.github.gv2011.util.beans.imp.DefaultTypeRegistry - Creating type for class java.lang.String.
2024-02-11T15:50:22.034Z DEBUG [main] com.github.gv2011.util.beans.imp.DefaultTypeRegistry - Created String for class java.lang.String.
2024-02-11T15:50:22.034Z DEBUG [main] com.github.gv2011.util.beans.imp.BeanTypeSupport - ResultLine: initialized properties: [code, filename, hash, size].
2024-02-11T15:50:22.035Z DEBUG [main] com.github.gv2011.util.beans.imp.BeanTypeSupport - ResultLine: initializing default value.
2024-02-11T15:50:22.035Z DEBUG [main] com.github.gv2011.util.beans.imp.BeanTypeSupport - Creating default value for ResultLine.
2024-02-11T15:50:22.036Z DEBUG [main] com.github.gv2011.util.beans.imp.BeanTypeSupport - ResultLine initialized default value.
2024-02-11T15:50:22.047Z DEBUG [main] com.github.gv2011.util.beans.imp.DefaultTypeRegistry - Creating type for interface com.github.gv2011.util.bytes.HashAndSize.
2024-02-11T15:50:22.052Z DEBUG [main] com.github.gv2011.util.beans.imp.DefaultTypeRegistry - Created HashAndSize for interface com.github.gv2011.util.bytes.HashAndSize.
2024-02-11T15:50:22.052Z DEBUG [main] com.github.gv2011.util.beans.imp.BeanTypeSupport - HashAndSize: initializing properties.
2024-02-11T15:50:22.052Z DEBUG [main] com.github.gv2011.util.beans.imp.BeanTypeSupport - HashAndSize: initialized properties: [hash, size].
2024-02-11T15:50:22.060Z DEBUG [main] com.github.gv2011.util.beans.imp.BeanTypeSupport - HashAndSize: initializing default value.
2024-02-11T15:50:22.060Z DEBUG [main] com.github.gv2011.util.beans.imp.BeanTypeSupport - Creating default value for HashAndSize.
2024-02-11T15:50:22.060Z DEBUG [main] com.github.gv2011.util.beans.imp.BeanTypeSupport - HashAndSize initialized default value.
2024-02-11T15:50:22.094Z INFO  [RecursiveServiceLoader-shutdown] com.github.gv2011.util.serviceloader.RecursiveServiceLoader - Closing.
2024-02-11T15:50:22.094Z WARN  [RecursiveServiceLoader-shutdown] com.github.gv2011.util.serviceloader.RecursiveServiceLoader - Closing logging as last action - goodbye.
2024-02-11T15:50:22.095Z INFO  [RecursiveServiceLoader-shutdown] com.github.gv2011.logbackadapter.LogbackLogAdapter - Stopping Logback.
2024-02-11T15:57:33.226Z INFO  [main] com.github.gv2011.util.serviceloader.RecursiveServiceLoader - Loaded service com.github.gv2011.util.json.Adapter - implementation class: com.github.gv2011.gsoncore.GsoncoreAdapter.
2024-02-11T15:57:33.237Z INFO  [main] com.github.gv2011.util.serviceloader.RecursiveServiceLoader - Loaded service com.github.gv2011.util.json.JsonFactory - implementation class: com.github.gv2011.util.json.imp.JsonFactoryImp.
2024-02-11T15:57:33.251Z DEBUG [main] com.github.gv2011.util.beans.imp.DefaultTypeRegistry - additionalTypeHandlerFactories: []
2024-02-11T15:57:33.251Z INFO  [main] com.github.gv2011.util.serviceloader.RecursiveServiceLoader - Loaded service com.github.gv2011.util.beans.TypeRegistry - implementation class: com.github.gv2011.util.beans.imp.DefaultTypeRegistry.
2024-02-11T15:57:33.251Z DEBUG [main] com.github.gv2011.util.beans.imp.DefaultTypeRegistry - Creating type for interface com.github.gv2011.tools.misc.Sha256$ResultLine.
2024-02-11T15:57:33.261Z DEBUG [main] com.github.gv2011.util.beans.imp.DefaultTypeRegistry - Created ResultLine for interface com.github.gv2011.tools.misc.Sha256$ResultLine.
2024-02-11T15:57:33.262Z DEBUG [main] com.github.gv2011.util.beans.imp.BeanTypeSupport - ResultLine: initializing properties.
2024-02-11T15:57:33.265Z DEBUG [main] com.github.gv2011.util.beans.imp.DefaultTypeRegistry - Creating type for interface com.github.gv2011.util.bytes.Hash256.
2024-02-11T15:57:33.267Z DEBUG [main] com.github.gv2011.util.beans.imp.DefaultTypeRegistry - Created Hash256 for interface com.github.gv2011.util.bytes.Hash256.
2024-02-11T15:57:33.271Z DEBUG [main] com.github.gv2011.util.beans.imp.DefaultTypeRegistry - Creating type for class java.lang.Long.
2024-02-11T15:57:33.272Z DEBUG [main] com.github.gv2011.util.beans.imp.DefaultTypeRegistry - Created Long for class java.lang.Long.
2024-02-11T15:57:33.272Z DEBUG [main] com.github.gv2011.util.beans.imp.DefaultTypeRegistry - Creating type for class com.github.gv2011.tools.misc.Sha256$Code.
2024-02-11T15:57:33.273Z DEBUG [main] com.github.gv2011.util.beans.imp.DefaultTypeRegistry - Created Code for class com.github.gv2011.tools.misc.Sha256$Code.
2024-02-11T15:57:33.273Z DEBUG [main] com.github.gv2011.util.beans.imp.DefaultTypeRegistry - Creating type for class java.lang.String.
2024-02-11T15:57:33.273Z DEBUG [main] com.github.gv2011.util.beans.imp.DefaultTypeRegistry - Created String for class java.lang.String.
2024-02-11T15:57:33.274Z DEBUG [main] com.github.gv2011.util.beans.imp.BeanTypeSupport - ResultLine: initialized properties: [code, filename, hash, size].
2024-02-11T15:57:33.275Z DEBUG [main] com.github.gv2011.util.beans.imp.BeanTypeSupport - ResultLine: initializing default value.
2024-02-11T15:57:33.275Z DEBUG [main] com.github.gv2011.util.beans.imp.BeanTypeSupport - Creating default value for ResultLine.
2024-02-11T15:57:33.276Z DEBUG [main] com.github.gv2011.util.beans.imp.BeanTypeSupport - ResultLine initialized default value.
2024-02-11T15:57:33.284Z DEBUG [main] com.github.gv2011.util.beans.imp.DefaultTypeRegistry - Creating type for interface com.github.gv2011.util.bytes.HashAndSize.
2024-02-11T15:57:33.288Z DEBUG [main] com.github.gv2011.util.beans.imp.DefaultTypeRegistry - Created HashAndSize for interface com.github.gv2011.util.bytes.HashAndSize.
2024-02-11T15:57:33.288Z DEBUG [main] com.github.gv2011.util.beans.imp.BeanTypeSupport - HashAndSize: initializing properties.
2024-02-11T15:57:33.289Z DEBUG [main] com.github.gv2011.util.beans.imp.BeanTypeSupport - HashAndSize: initialized properties: [hash, size].
2024-02-11T15:57:33.297Z DEBUG [main] com.github.gv2011.util.beans.imp.BeanTypeSupport - HashAndSize: initializing default value.
2024-02-11T15:57:33.297Z DEBUG [main] com.github.gv2011.util.beans.imp.BeanTypeSupport - Creating default value for HashAndSize.
2024-02-11T15:57:33.298Z DEBUG [main] com.github.gv2011.util.beans.imp.BeanTypeSupport - HashAndSize initialized default value.
2024-02-11T15:57:33.344Z INFO  [RecursiveServiceLoader-shutdown] com.github.gv2011.util.serviceloader.RecursiveServiceLoader - Closing.
2024-02-11T15:57:33.345Z WARN  [RecursiveServiceLoader-shutdown] com.github.gv2011.util.serviceloader.RecursiveServiceLoader - Closing logging as last action - goodbye.
2024-02-11T15:57:33.346Z INFO  [RecursiveServiceLoader-shutdown] com.github.gv2011.logbackadapter.LogbackLogAdapter - Stopping Logback.
2024-02-11T16:01:00.591Z INFO  [main] com.github.gv2011.util.serviceloader.RecursiveServiceLoader - Loaded service com.github.gv2011.util.json.Adapter - implementation class: com.github.gv2011.gsoncore.GsoncoreAdapter.
2024-02-11T16:01:00.601Z INFO  [main] com.github.gv2011.util.serviceloader.RecursiveServiceLoader - Loaded service com.github.gv2011.util.json.JsonFactory - implementation class: com.github.gv2011.util.json.imp.JsonFactoryImp.
2024-02-11T16:01:00.614Z DEBUG [main] com.github.gv2011.util.beans.imp.DefaultTypeRegistry - additionalTypeHandlerFactories: []
2024-02-11T16:01:00.614Z INFO  [main] com.github.gv2011.util.serviceloader.RecursiveServiceLoader - Loaded service com.github.gv2011.util.beans.TypeRegistry - implementation class: com.github.gv2011.util.beans.imp.DefaultTypeRegistry.
2024-02-11T16:01:00.614Z DEBUG [main] com.github.gv2011.util.beans.imp.DefaultTypeRegistry - Creating type for interface com.github.gv2011.tools.misc.Sha256$ResultLine.
2024-02-11T16:01:00.626Z DEBUG [main] com.github.gv2011.util.beans.imp.DefaultTypeRegistry - Created ResultLine for interface com.github.gv2011.tools.misc.Sha256$ResultLine.
2024-02-11T16:01:00.628Z DEBUG [main] com.github.gv2011.util.beans.imp.BeanTypeSupport - ResultLine: initializing properties.
2024-02-11T16:01:00.630Z DEBUG [main] com.github.gv2011.util.beans.imp.DefaultTypeRegistry - Creating type for interface com.github.gv2011.util.bytes.Hash256.
2024-02-11T16:01:00.632Z DEBUG [main] com.github.gv2011.util.beans.imp.DefaultTypeRegistry - Created Hash256 for interface com.github.gv2011.util.bytes.Hash256.
2024-02-11T16:01:00.638Z DEBUG [main] com.github.gv2011.util.beans.imp.DefaultTypeRegistry - Creating type for class java.lang.Long.
2024-02-11T16:01:00.639Z DEBUG [main] com.github.gv2011.util.beans.imp.DefaultTypeRegistry - Created Long for class java.lang.Long.
2024-02-11T16:01:00.639Z DEBUG [main] com.github.gv2011.util.beans.imp.DefaultTypeRegistry - Creating type for class com.github.gv2011.tools.misc.Sha256$Code.
2024-02-11T16:01:00.641Z DEBUG [main] com.github.gv2011.util.beans.imp.DefaultTypeRegistry - Created Code for class com.github.gv2011.tools.misc.Sha256$Code.
2024-02-11T16:01:00.641Z DEBUG [main] com.github.gv2011.util.beans.imp.DefaultTypeRegistry - Creating type for class java.lang.String.
2024-02-11T16:01:00.642Z DEBUG [main] com.github.gv2011.util.beans.imp.DefaultTypeRegistry - Created String for class java.lang.String.
2024-02-11T16:01:00.642Z DEBUG [main] com.github.gv2011.util.beans.imp.BeanTypeSupport - ResultLine: initialized properties: [code, filename, hash, size].
2024-02-11T16:01:00.643Z DEBUG [main] com.github.gv2011.util.beans.imp.BeanTypeSupport - ResultLine: initializing default value.
2024-02-11T16:01:00.643Z DEBUG [main] com.github.gv2011.util.beans.imp.BeanTypeSupport - Creating default value for ResultLine.
2024-02-11T16:01:00.644Z DEBUG [main] com.github.gv2011.util.beans.imp.BeanTypeSupport - ResultLine initialized default value.
2024-02-11T16:01:00.655Z DEBUG [main] com.github.gv2011.util.beans.imp.DefaultTypeRegistry - Creating type for interface com.github.gv2011.util.bytes.HashAndSize.
2024-02-11T16:01:00.661Z DEBUG [main] com.github.gv2011.util.beans.imp.DefaultTypeRegistry - Created HashAndSize for interface com.github.gv2011.util.bytes.HashAndSize.
2024-02-11T16:01:00.661Z DEBUG [main] com.github.gv2011.util.beans.imp.BeanTypeSupport - HashAndSize: initializing properties.
2024-02-11T16:01:00.661Z DEBUG [main] com.github.gv2011.util.beans.imp.BeanTypeSupport - HashAndSize: initialized properties: [hash, size].
2024-02-11T16:01:00.669Z DEBUG [main] com.github.gv2011.util.beans.imp.BeanTypeSupport - HashAndSize: initializing default value.
2024-02-11T16:01:00.670Z DEBUG [main] com.github.gv2011.util.beans.imp.BeanTypeSupport - Creating default value for HashAndSize.
2024-02-11T16:01:00.670Z DEBUG [main] com.github.gv2011.util.beans.imp.BeanTypeSupport - HashAndSize initialized default value.
2024-02-11T16:01:00.709Z INFO  [RecursiveServiceLoader-shutdown] com.github.gv2011.util.serviceloader.RecursiveServiceLoader - Closing.
2024-02-11T16:01:00.710Z WARN  [RecursiveServiceLoader-shutdown] com.github.gv2011.util.serviceloader.RecursiveServiceLoader - Closing logging as last action - goodbye.
2024-02-11T16:01:00.711Z INFO  [RecursiveServiceLoader-shutdown] com.github.gv2011.logbackadapter.LogbackLogAdapter - Stopping Logback.
2024-02-11T16:03:51.125Z INFO  [main] com.github.gv2011.util.serviceloader.RecursiveServiceLoader - Loaded service com.github.gv2011.util.json.Adapter - implementation class: com.github.gv2011.gsoncore.GsoncoreAdapter.
2024-02-11T16:03:51.136Z INFO  [main] com.github.gv2011.util.serviceloader.RecursiveServiceLoader - Loaded service com.github.gv2011.util.json.JsonFactory - implementation class: com.github.gv2011.util.json.imp.JsonFactoryImp.
2024-02-11T16:03:51.149Z DEBUG [main] com.github.gv2011.util.beans.imp.DefaultTypeRegistry - additionalTypeHandlerFactories: []
2024-02-11T16:03:51.149Z INFO  [main] com.github.gv2011.util.serviceloader.RecursiveServiceLoader - Loaded service com.github.gv2011.util.beans.TypeRegistry - implementation class: com.github.gv2011.util.beans.imp.DefaultTypeRegistry.
2024-02-11T16:03:51.149Z DEBUG [main] com.github.gv2011.util.beans.imp.DefaultTypeRegistry - Creating type for interface com.github.gv2011.tools.misc.Sha256$ResultLine.
2024-02-11T16:03:51.161Z DEBUG [main] com.github.gv2011.util.beans.imp.DefaultTypeRegistry - Created ResultLine for interface com.github.gv2011.tools.misc.Sha256$ResultLine.
2024-02-11T16:03:51.162Z DEBUG [main] com.github.gv2011.util.beans.imp.BeanTypeSupport - ResultLine: initializing properties.
2024-02-11T16:03:51.164Z DEBUG [main] com.github.gv2011.util.beans.imp.DefaultTypeRegistry - Creating type for interface com.github.gv2011.util.bytes.Hash256.
2024-02-11T16:03:51.166Z DEBUG [main] com.github.gv2011.util.beans.imp.DefaultTypeRegistry - Created Hash256 for interface com.github.gv2011.util.bytes.Hash256.
2024-02-11T16:03:51.170Z DEBUG [main] com.github.gv2011.util.beans.imp.DefaultTypeRegistry - Creating type for class java.lang.Long.
2024-02-11T16:03:51.172Z DEBUG [main] com.github.gv2011.util.beans.imp.DefaultTypeRegistry - Created Long for class java.lang.Long.
2024-02-11T16:03:51.172Z DEBUG [main] com.github.gv2011.util.beans.imp.DefaultTypeRegistry - Creating type for class com.github.gv2011.tools.misc.Sha256$Code.
2024-02-11T16:03:51.173Z DEBUG [main] com.github.gv2011.util.beans.imp.DefaultTypeRegistry - Created Code for class com.github.gv2011.tools.misc.Sha256$Code.
2024-02-11T16:03:51.173Z DEBUG [main] com.github.gv2011.util.beans.imp.DefaultTypeRegistry - Creating type for class java.lang.String.
2024-02-11T16:03:51.173Z DEBUG [main] com.github.gv2011.util.beans.imp.DefaultTypeRegistry - Created String for class java.lang.String.
2024-02-11T16:03:51.174Z DEBUG [main] com.github.gv2011.util.beans.imp.BeanTypeSupport - ResultLine: initialized properties: [code, filename, hash, size].
2024-02-11T16:03:51.175Z DEBUG [main] com.github.gv2011.util.beans.imp.BeanTypeSupport - ResultLine: initializing default value.
2024-02-11T16:03:51.175Z DEBUG [main] com.github.gv2011.util.beans.imp.BeanTypeSupport - Creating default value for ResultLine.
2024-02-11T16:03:51.176Z DEBUG [main] com.github.gv2011.util.beans.imp.BeanTypeSupport - ResultLine initialized default value.
2024-02-11T16:03:51.184Z DEBUG [main] com.github.gv2011.util.beans.imp.DefaultTypeRegistry - Creating type for interface com.github.gv2011.util.bytes.HashAndSize.
2024-02-11T16:03:51.188Z DEBUG [main] com.github.gv2011.util.beans.imp.DefaultTypeRegistry - Created HashAndSize for interface com.github.gv2011.util.bytes.HashAndSize.
2024-02-11T16:03:51.188Z DEBUG [main] com.github.gv2011.util.beans.imp.BeanTypeSupport - HashAndSize: initializing properties.
2024-02-11T16:03:51.189Z DEBUG [main] com.github.gv2011.util.beans.imp.BeanTypeSupport - HashAndSize: initialized properties: [hash, size].
2024-02-11T16:03:51.196Z DEBUG [main] com.github.gv2011.util.beans.imp.BeanTypeSupport - HashAndSize: initializing default value.
2024-02-11T16:03:51.196Z DEBUG [main] com.github.gv2011.util.beans.imp.BeanTypeSupport - Creating default value for HashAndSize.
2024-02-11T16:03:51.196Z DEBUG [main] com.github.gv2011.util.beans.imp.BeanTypeSupport - HashAndSize initialized default value.
2024-02-11T16:03:51.233Z INFO  [RecursiveServiceLoader-shutdown] com.github.gv2011.util.serviceloader.RecursiveServiceLoader - Closing.
2024-02-11T16:03:51.234Z WARN  [RecursiveServiceLoader-shutdown] com.github.gv2011.util.serviceloader.RecursiveServiceLoader - Closing logging as last action - goodbye.
2024-02-11T16:03:51.234Z INFO  [RecursiveServiceLoader-shutdown] com.github.gv2011.logbackadapter.LogbackLogAdapter - Stopping Logback.
2024-02-11T16:09:14.441Z INFO  [ForkJoinPool.commonPool-worker-1] com.github.gv2011.util.serviceloader.RecursiveServiceLoader - Loaded service com.github.gv2011.util.json.Adapter - implementation class: com.github.gv2011.gsoncore.GsoncoreAdapter.
2024-02-11T16:09:14.451Z INFO  [ForkJoinPool.commonPool-worker-1] com.github.gv2011.util.serviceloader.RecursiveServiceLoader - Loaded service com.github.gv2011.util.json.JsonFactory - implementation class: com.github.gv2011.util.json.imp.JsonFactoryImp.
2024-02-11T16:09:14.463Z DEBUG [ForkJoinPool.commonPool-worker-1] com.github.gv2011.util.beans.imp.DefaultTypeRegistry - additionalTypeHandlerFactories: []
2024-02-11T16:09:14.463Z INFO  [ForkJoinPool.commonPool-worker-1] com.github.gv2011.util.serviceloader.RecursiveServiceLoader - Loaded service com.github.gv2011.util.beans.TypeRegistry - implementation class: com.github.gv2011.util.beans.imp.DefaultTypeRegistry.
2024-02-11T16:09:14.463Z DEBUG [ForkJoinPool.commonPool-worker-1] com.github.gv2011.util.beans.imp.DefaultTypeRegistry - Creating type for interface com.github.gv2011.tools.misc.Sha256$ResultLine.
2024-02-11T16:09:14.473Z DEBUG [ForkJoinPool.commonPool-worker-1] com.github.gv2011.util.beans.imp.DefaultTypeRegistry - Created ResultLine for interface com.github.gv2011.tools.misc.Sha256$ResultLine.
2024-02-11T16:09:14.474Z DEBUG [ForkJoinPool.commonPool-worker-1] com.github.gv2011.util.beans.imp.BeanTypeSupport - ResultLine: initializing properties.
2024-02-11T16:09:14.476Z DEBUG [ForkJoinPool.commonPool-worker-1] com.github.gv2011.util.beans.imp.DefaultTypeRegistry - Creating type for interface com.github.gv2011.util.bytes.Hash256.
2024-02-11T16:09:14.478Z DEBUG [ForkJoinPool.commonPool-worker-1] com.github.gv2011.util.beans.imp.DefaultTypeRegistry - Created Hash256 for interface com.github.gv2011.util.bytes.Hash256.
2024-02-11T16:09:14.482Z DEBUG [ForkJoinPool.commonPool-worker-1] com.github.gv2011.util.beans.imp.DefaultTypeRegistry - Creating type for class java.lang.Long.
2024-02-11T16:09:14.483Z DEBUG [ForkJoinPool.commonPool-worker-1] com.github.gv2011.util.beans.imp.DefaultTypeRegistry - Created Long for class java.lang.Long.
2024-02-11T16:09:14.484Z DEBUG [ForkJoinPool.commonPool-worker-1] com.github.gv2011.util.beans.imp.DefaultTypeRegistry - Creating type for class com.github.gv2011.tools.misc.Sha256$Code.
2024-02-11T16:09:14.485Z DEBUG [ForkJoinPool.commonPool-worker-1] com.github.gv2011.util.beans.imp.DefaultTypeRegistry - Created Code for class com.github.gv2011.tools.misc.Sha256$Code.
2024-02-11T16:09:14.486Z DEBUG [ForkJoinPool.commonPool-worker-1] com.github.gv2011.util.beans.imp.DefaultTypeRegistry - Creating type for class java.lang.String.
2024-02-11T16:09:14.486Z DEBUG [ForkJoinPool.commonPool-worker-1] com.github.gv2011.util.beans.imp.DefaultTypeRegistry - Created String for class java.lang.String.
2024-02-11T16:09:14.487Z DEBUG [ForkJoinPool.commonPool-worker-1] com.github.gv2011.util.beans.imp.BeanTypeSupport - ResultLine: initialized properties: [code, filename, hash, size].
2024-02-11T16:09:14.488Z DEBUG [ForkJoinPool.commonPool-worker-1] com.github.gv2011.util.beans.imp.BeanTypeSupport - ResultLine: initializing default value.
2024-02-11T16:09:14.488Z DEBUG [ForkJoinPool.commonPool-worker-1] com.github.gv2011.util.beans.imp.BeanTypeSupport - Creating default value for ResultLine.
2024-02-11T16:09:14.489Z DEBUG [ForkJoinPool.commonPool-worker-1] com.github.gv2011.util.beans.imp.BeanTypeSupport - ResultLine initialized default value.
2024-02-11T16:09:14.499Z DEBUG [ForkJoinPool.commonPool-worker-1] com.github.gv2011.util.beans.imp.DefaultTypeRegistry - Creating type for interface com.github.gv2011.util.bytes.HashAndSize.
2024-02-11T16:09:14.505Z DEBUG [ForkJoinPool.commonPool-worker-1] com.github.gv2011.util.beans.imp.DefaultTypeRegistry - Created HashAndSize for interface com.github.gv2011.util.bytes.HashAndSize.
2024-02-11T16:09:14.505Z DEBUG [ForkJoinPool.commonPool-worker-1] com.github.gv2011.util.beans.imp.BeanTypeSupport - HashAndSize: initializing properties.
2024-02-11T16:09:14.506Z DEBUG [ForkJoinPool.commonPool-worker-1] com.github.gv2011.util.beans.imp.BeanTypeSupport - HashAndSize: initialized properties: [hash, size].
2024-02-11T16:09:14.513Z DEBUG [ForkJoinPool.commonPool-worker-1] com.github.gv2011.util.beans.imp.BeanTypeSupport - HashAndSize: initializing default value.
2024-02-11T16:09:14.513Z DEBUG [ForkJoinPool.commonPool-worker-1] com.github.gv2011.util.beans.imp.BeanTypeSupport - Creating default value for HashAndSize.
2024-02-11T16:09:14.513Z DEBUG [ForkJoinPool.commonPool-worker-1] com.github.gv2011.util.beans.imp.BeanTypeSupport - HashAndSize initialized default value.
2024-02-11T16:09:14.551Z INFO  [RecursiveServiceLoader-shutdown] com.github.gv2011.util.serviceloader.RecursiveServiceLoader - Closing.
2024-02-11T16:09:14.552Z WARN  [RecursiveServiceLoader-shutdown] com.github.gv2011.util.serviceloader.RecursiveServiceLoader - Closing logging as last action - goodbye.
2024-02-11T16:09:14.553Z INFO  [RecursiveServiceLoader-shutdown] com.github.gv2011.logbackadapter.LogbackLogAdapter - Stopping Logback.
2024-02-11T16:37:52.220Z INFO  [ForkJoinPool.commonPool-worker-1] com.github.gv2011.util.serviceloader.RecursiveServiceLoader - Loaded service com.github.gv2011.util.json.Adapter - implementation class: com.github.gv2011.gsoncore.GsoncoreAdapter.
2024-02-11T16:37:52.231Z INFO  [ForkJoinPool.commonPool-worker-1] com.github.gv2011.util.serviceloader.RecursiveServiceLoader - Loaded service com.github.gv2011.util.json.JsonFactory - implementation class: com.github.gv2011.util.json.imp.JsonFactoryImp.
2024-02-11T16:37:52.247Z DEBUG [ForkJoinPool.commonPool-worker-1] com.github.gv2011.util.beans.imp.DefaultTypeRegistry - additionalTypeHandlerFactories: []
2024-02-11T16:37:52.248Z INFO  [ForkJoinPool.commonPool-worker-1] com.github.gv2011.util.serviceloader.RecursiveServiceLoader - Loaded service com.github.gv2011.util.beans.TypeRegistry - implementation class: com.github.gv2011.util.beans.imp.DefaultTypeRegistry.
2024-02-11T16:37:52.248Z DEBUG [ForkJoinPool.commonPool-worker-1] com.github.gv2011.util.beans.imp.DefaultTypeRegistry - Creating type for interface com.github.gv2011.tools.misc.Sha256$ResultLine.
2024-02-11T16:37:52.262Z DEBUG [ForkJoinPool.commonPool-worker-1] com.github.gv2011.util.beans.imp.DefaultTypeRegistry - Created ResultLine for interface com.github.gv2011.tools.misc.Sha256$ResultLine.
2024-02-11T16:37:52.263Z DEBUG [ForkJoinPool.commonPool-worker-1] com.github.gv2011.util.beans.imp.BeanTypeSupport - ResultLine: initializing properties.
2024-02-11T16:37:52.266Z DEBUG [ForkJoinPool.commonPool-worker-1] com.github.gv2011.util.beans.imp.DefaultTypeRegistry - Creating type for interface com.github.gv2011.util.bytes.Hash256.
2024-02-11T16:37:52.269Z DEBUG [ForkJoinPool.commonPool-worker-1] com.github.gv2011.util.beans.imp.DefaultTypeRegistry - Created Hash256 for interface com.github.gv2011.util.bytes.Hash256.
2024-02-11T16:37:52.274Z DEBUG [ForkJoinPool.commonPool-worker-1] com.github.gv2011.util.beans.imp.DefaultTypeRegistry - Creating type for class java.lang.Long.
2024-02-11T16:37:52.276Z DEBUG [ForkJoinPool.commonPool-worker-1] com.github.gv2011.util.beans.imp.DefaultTypeRegistry - Created Long for class java.lang.Long.
2024-02-11T16:37:52.276Z DEBUG [ForkJoinPool.commonPool-worker-1] com.github.gv2011.util.beans.imp.DefaultTypeRegistry - Creating type for class com.github.gv2011.tools.misc.Sha256$Code.
2024-02-11T16:37:52.278Z DEBUG [ForkJoinPool.commonPool-worker-1] com.github.gv2011.util.beans.imp.DefaultTypeRegistry - Created Code for class com.github.gv2011.tools.misc.Sha256$Code.
2024-02-11T16:37:52.278Z DEBUG [ForkJoinPool.commonPool-worker-1] com.github.gv2011.util.beans.imp.DefaultTypeRegistry - Creating type for class java.lang.String.
2024-02-11T16:37:52.278Z DEBUG [ForkJoinPool.commonPool-worker-1] com.github.gv2011.util.beans.imp.DefaultTypeRegistry - Created String for class java.lang.String.
2024-02-11T16:37:52.279Z DEBUG [ForkJoinPool.commonPool-worker-1] com.github.gv2011.util.beans.imp.BeanTypeSupport - ResultLine: initialized properties: [code, filename, hash, size].
2024-02-11T16:37:52.280Z DEBUG [ForkJoinPool.commonPool-worker-1] com.github.gv2011.util.beans.imp.BeanTypeSupport - ResultLine: initializing default value.
2024-02-11T16:37:52.280Z DEBUG [ForkJoinPool.commonPool-worker-1] com.github.gv2011.util.beans.imp.BeanTypeSupport - Creating default value for ResultLine.
2024-02-11T16:37:52.281Z DEBUG [ForkJoinPool.commonPool-worker-1] com.github.gv2011.util.beans.imp.BeanTypeSupport - ResultLine initialized default value.
2024-02-11T16:37:52.290Z DEBUG [ForkJoinPool.commonPool-worker-1] com.github.gv2011.util.beans.imp.DefaultTypeRegistry - Creating type for interface com.github.gv2011.util.bytes.HashAndSize.
2024-02-11T16:37:52.294Z DEBUG [ForkJoinPool.commonPool-worker-1] com.github.gv2011.util.beans.imp.DefaultTypeRegistry - Created HashAndSize for interface com.github.gv2011.util.bytes.HashAndSize.
2024-02-11T16:37:52.294Z DEBUG [ForkJoinPool.commonPool-worker-1] com.github.gv2011.util.beans.imp.BeanTypeSupport - HashAndSize: initializing properties.
2024-02-11T16:37:52.294Z DEBUG [ForkJoinPool.commonPool-worker-1] com.github.gv2011.util.beans.imp.BeanTypeSupport - HashAndSize: initialized properties: [hash, size].
2024-02-11T16:37:52.301Z DEBUG [ForkJoinPool.commonPool-worker-1] com.github.gv2011.util.beans.imp.BeanTypeSupport - HashAndSize: initializing default value.
2024-02-11T16:37:52.302Z DEBUG [ForkJoinPool.commonPool-worker-1] com.github.gv2011.util.beans.imp.BeanTypeSupport - Creating default value for HashAndSize.
2024-02-11T16:37:52.302Z DEBUG [ForkJoinPool.commonPool-worker-1] com.github.gv2011.util.beans.imp.BeanTypeSupport - HashAndSize initialized default value.
2024-02-11T16:37:52.335Z INFO  [RecursiveServiceLoader-shutdown] com.github.gv2011.util.serviceloader.RecursiveServiceLoader - Closing.
2024-02-11T16:37:52.335Z WARN  [RecursiveServiceLoader-shutdown] com.github.gv2011.util.serviceloader.RecursiveServiceLoader - Closing logging as last action - goodbye.
2024-02-11T16:37:52.336Z INFO  [RecursiveServiceLoader-shutdown] com.github.gv2011.logbackadapter.LogbackLogAdapter - Stopping Logback.
