2020-12-02T16:40:11.011Z INFO  [main] com.github.gv2011.util.serviceloader.RecursiveServiceLoader - Loaded service com.github.gv2011.util.json.imp.Adapter - implementation class: com.github.gv2011.jsong.JsongAdapter.
2020-12-02T16:40:11.011Z INFO  [main] com.github.gv2011.util.serviceloader.RecursiveServiceLoader - Loaded service com.github.gv2011.util.json.JsonFactory - implementation class: com.github.gv2011.util.json.imp.JsonFactoryImp.
2020-12-02T16:40:11.011Z DEBUG [main] com.github.gv2011.util.beans.imp.DefaultTypeRegistry - additionalTypeHandlerFactories: []
2020-12-02T16:40:11.011Z INFO  [main] com.github.gv2011.util.serviceloader.RecursiveServiceLoader - Loaded service com.github.gv2011.util.beans.TypeRegistry - implementation class: com.github.gv2011.util.beans.imp.DefaultTypeRegistry.
2020-12-02T16:40:11.011Z DEBUG [main] com.github.gv2011.util.beans.imp.DefaultTypeRegistry - Creating type for interface com.github.gv2011.util.bytes.DataType.
2020-12-02T16:40:11.011Z DEBUG [main] com.github.gv2011.util.beans.imp.DefaultTypeRegistry - Created DataType for interface com.github.gv2011.util.bytes.DataType.
2020-12-02T16:40:11.011Z DEBUG [main] com.github.gv2011.util.beans.imp.BeanTypeSupport - DataType: initializing properties.
2020-12-02T16:40:11.011Z DEBUG [main] com.github.gv2011.util.beans.imp.DefaultTypeRegistry - Creating type for class java.nio.charset.Charset.
2020-12-02T16:40:11.011Z DEBUG [main] com.github.gv2011.util.beans.imp.DefaultTypeRegistry - class java.nio.charset.Charset is not supported, creating foreign type.
2020-12-02T16:40:11.011Z DEBUG [main] com.github.gv2011.util.beans.imp.DefaultTypeRegistry - Creating type for class java.lang.String.
2020-12-02T16:40:11.011Z DEBUG [main] com.github.gv2011.util.beans.imp.DefaultTypeRegistry - Created String for class java.lang.String.
2020-12-02T16:40:11.011Z DEBUG [main] com.github.gv2011.util.beans.imp.DefaultTypeRegistry - Creating type for class com.github.gv2011.util.bytes.FileExtension.
2020-12-02T16:40:11.011Z DEBUG [main] com.github.gv2011.util.beans.imp.DefaultTypeRegistry - Created FileExtension for class com.github.gv2011.util.bytes.FileExtension.
2020-12-02T16:40:11.011Z DEBUG [main] com.github.gv2011.util.beans.imp.BeanTypeSupport - DataType: initialized properties: [baseType, charset, fileExtensions, parameters, preferredFileExtension, primaryType, subType].
2020-12-02T16:40:11.011Z DEBUG [main] com.github.gv2011.util.beans.imp.BeanTypeSupport - DataType: initializing default value.
2020-12-02T16:40:11.011Z DEBUG [main] com.github.gv2011.util.beans.imp.BeanTypeSupport - Creating default value for DataType.
2020-12-02T16:40:11.011Z DEBUG [main] com.github.gv2011.util.beans.imp.BeanTypeSupport - DataType initialized default value.
2020-12-02T16:40:11.011Z INFO  [RecursiveServiceLoader-shutdown] com.github.gv2011.util.serviceloader.RecursiveServiceLoader - Closing.
2020-12-02T16:40:11.011Z INFO  [RecursiveServiceLoader-shutdown] com.github.gv2011.util.serviceloader.RecursiveServiceLoader - Closing logging as last action - goodbye.
2020-12-02T16:40:11.011Z INFO  [RecursiveServiceLoader-shutdown] com.github.gv2011.util.log.logback.LogbackLogAdapter - Stopping Logback.
2020-12-02T16:43:37.037Z INFO  [main] com.github.gv2011.util.serviceloader.RecursiveServiceLoader - Loaded service com.github.gv2011.util.json.imp.Adapter - implementation class: com.github.gv2011.jsong.JsongAdapter.
2020-12-02T16:43:37.037Z INFO  [main] com.github.gv2011.util.serviceloader.RecursiveServiceLoader - Loaded service com.github.gv2011.util.json.JsonFactory - implementation class: com.github.gv2011.util.json.imp.JsonFactoryImp.
2020-12-02T16:43:37.037Z DEBUG [main] com.github.gv2011.util.beans.imp.DefaultTypeRegistry - additionalTypeHandlerFactories: []
2020-12-02T16:43:37.037Z INFO  [main] com.github.gv2011.util.serviceloader.RecursiveServiceLoader - Loaded service com.github.gv2011.util.beans.TypeRegistry - implementation class: com.github.gv2011.util.beans.imp.DefaultTypeRegistry.
2020-12-02T16:43:37.037Z DEBUG [main] com.github.gv2011.util.beans.imp.DefaultTypeRegistry - Creating type for interface com.github.gv2011.util.bytes.DataType.
2020-12-02T16:43:37.037Z DEBUG [main] com.github.gv2011.util.beans.imp.DefaultTypeRegistry - Created DataType for interface com.github.gv2011.util.bytes.DataType.
2020-12-02T16:43:37.037Z DEBUG [main] com.github.gv2011.util.beans.imp.BeanTypeSupport - DataType: initializing properties.
2020-12-02T16:43:37.037Z DEBUG [main] com.github.gv2011.util.beans.imp.DefaultTypeRegistry - Creating type for class java.nio.charset.Charset.
2020-12-02T16:43:37.037Z DEBUG [main] com.github.gv2011.util.beans.imp.DefaultTypeRegistry - class java.nio.charset.Charset is not supported, creating foreign type.
2020-12-02T16:43:37.037Z DEBUG [main] com.github.gv2011.util.beans.imp.DefaultTypeRegistry - Creating type for class java.lang.String.
2020-12-02T16:43:37.037Z DEBUG [main] com.github.gv2011.util.beans.imp.DefaultTypeRegistry - Created String for class java.lang.String.
2020-12-02T16:43:37.037Z DEBUG [main] com.github.gv2011.util.beans.imp.DefaultTypeRegistry - Creating type for class com.github.gv2011.util.bytes.FileExtension.
2020-12-02T16:43:37.037Z DEBUG [main] com.github.gv2011.util.beans.imp.DefaultTypeRegistry - Created FileExtension for class com.github.gv2011.util.bytes.FileExtension.
2020-12-02T16:43:37.037Z DEBUG [main] com.github.gv2011.util.beans.imp.BeanTypeSupport - DataType: initialized properties: [baseType, charset, fileExtensions, parameters, preferredFileExtension, primaryType, subType].
2020-12-02T16:43:37.037Z DEBUG [main] com.github.gv2011.util.beans.imp.BeanTypeSupport - DataType: initializing default value.
2020-12-02T16:43:37.037Z DEBUG [main] com.github.gv2011.util.beans.imp.BeanTypeSupport - Creating default value for DataType.
2020-12-02T16:43:37.037Z DEBUG [main] com.github.gv2011.util.beans.imp.BeanTypeSupport - DataType initialized default value.
2020-12-02T16:43:38.038Z INFO  [RecursiveServiceLoader-shutdown] com.github.gv2011.util.serviceloader.RecursiveServiceLoader - Closing.
2020-12-02T16:43:38.038Z INFO  [RecursiveServiceLoader-shutdown] com.github.gv2011.util.serviceloader.RecursiveServiceLoader - Closing logging as last action - goodbye.
2020-12-02T16:43:38.038Z INFO  [RecursiveServiceLoader-shutdown] com.github.gv2011.util.log.logback.LogbackLogAdapter - Stopping Logback.
2020-12-02T16:44:43.043Z INFO  [main] com.github.gv2011.util.serviceloader.RecursiveServiceLoader - Loaded service com.github.gv2011.util.json.imp.Adapter - implementation class: com.github.gv2011.jsong.JsongAdapter.
2020-12-02T16:44:43.043Z INFO  [main] com.github.gv2011.util.serviceloader.RecursiveServiceLoader - Loaded service com.github.gv2011.util.json.JsonFactory - implementation class: com.github.gv2011.util.json.imp.JsonFactoryImp.
2020-12-02T16:44:43.043Z DEBUG [main] com.github.gv2011.util.beans.imp.DefaultTypeRegistry - additionalTypeHandlerFactories: []
2020-12-02T16:44:43.043Z INFO  [main] com.github.gv2011.util.serviceloader.RecursiveServiceLoader - Loaded service com.github.gv2011.util.beans.TypeRegistry - implementation class: com.github.gv2011.util.beans.imp.DefaultTypeRegistry.
2020-12-02T16:44:43.043Z DEBUG [main] com.github.gv2011.util.beans.imp.DefaultTypeRegistry - Creating type for interface com.github.gv2011.util.bytes.DataType.
2020-12-02T16:44:43.043Z DEBUG [main] com.github.gv2011.util.beans.imp.DefaultTypeRegistry - Created DataType for interface com.github.gv2011.util.bytes.DataType.
2020-12-02T16:44:43.043Z DEBUG [main] com.github.gv2011.util.beans.imp.BeanTypeSupport - DataType: initializing properties.
2020-12-02T16:44:43.043Z DEBUG [main] com.github.gv2011.util.beans.imp.DefaultTypeRegistry - Creating type for class java.nio.charset.Charset.
2020-12-02T16:44:43.043Z DEBUG [main] com.github.gv2011.util.beans.imp.DefaultTypeRegistry - class java.nio.charset.Charset is not supported, creating foreign type.
2020-12-02T16:44:43.043Z DEBUG [main] com.github.gv2011.util.beans.imp.DefaultTypeRegistry - Creating type for class java.lang.String.
2020-12-02T16:44:43.043Z DEBUG [main] com.github.gv2011.util.beans.imp.DefaultTypeRegistry - Created String for class java.lang.String.
2020-12-02T16:44:43.043Z DEBUG [main] com.github.gv2011.util.beans.imp.DefaultTypeRegistry - Creating type for class com.github.gv2011.util.bytes.FileExtension.
2020-12-02T16:44:43.043Z DEBUG [main] com.github.gv2011.util.beans.imp.DefaultTypeRegistry - Created FileExtension for class com.github.gv2011.util.bytes.FileExtension.
2020-12-02T16:44:43.043Z DEBUG [main] com.github.gv2011.util.beans.imp.BeanTypeSupport - DataType: initialized properties: [baseType, charset, fileExtensions, parameters, preferredFileExtension, primaryType, subType].
2020-12-02T16:44:43.043Z DEBUG [main] com.github.gv2011.util.beans.imp.BeanTypeSupport - DataType: initializing default value.
2020-12-02T16:44:43.043Z DEBUG [main] com.github.gv2011.util.beans.imp.BeanTypeSupport - Creating default value for DataType.
2020-12-02T16:44:43.043Z DEBUG [main] com.github.gv2011.util.beans.imp.BeanTypeSupport - DataType initialized default value.
2020-12-02T16:44:43.043Z INFO  [RecursiveServiceLoader-shutdown] com.github.gv2011.util.serviceloader.RecursiveServiceLoader - Closing.
2020-12-02T16:44:43.043Z INFO  [RecursiveServiceLoader-shutdown] com.github.gv2011.util.serviceloader.RecursiveServiceLoader - Closing logging as last action - goodbye.
2020-12-02T16:44:43.043Z INFO  [RecursiveServiceLoader-shutdown] com.github.gv2011.util.log.logback.LogbackLogAdapter - Stopping Logback.
